{
  "stats": {
    "suites": 3,
    "tests": 3,
    "passes": 3,
    "pending": 0,
    "failures": 0,
    "start": "2023-06-02T04:34:11.268Z",
    "end": "2023-06-02T04:34:11.988Z",
    "duration": 720,
    "testsRegistered": 3,
    "passPercent": 100,
    "pendingPercent": 0,
    "other": 0,
    "hasOther": false,
    "skipped": 0,
    "hasSkipped": false
  },
  "results": [
    {
      "uuid": "dcb74084-2ecb-4c00-bc0f-98432b970f1c",
      "title": "",
      "fullFile": "",
      "file": "",
      "beforeHooks": [],
      "afterHooks": [
        {
          "title": "\"after all\" hook in \"{root}\"",
          "fullTitle": "\"after all\" hook in \"{root}\"",
          "timedOut": false,
          "duration": 0,
          "state": null,
          "speed": null,
          "pass": false,
          "fail": false,
          "pending": false,
          "context": null,
          "code": "server.close(function () {\n    console.log(\"Server stopped\");\n    done();\n});",
          "err": {},
          "uuid": "b57c9b04-0480-4d16-b427-3b811983236d",
          "parentUUID": "dcb74084-2ecb-4c00-bc0f-98432b970f1c",
          "isHook": true,
          "skipped": false
        }
      ],
      "tests": [],
      "suites": [
        {
          "uuid": "720233b4-b650-4e3a-a60e-ab197aa106f1",
          "title": "Test Account Creation",
          "fullFile": "C:\\Users\\phili\\OneDrive - Deakin University\\2023 TRI-1\\SIT737 - Cloud\\Tasks\\Task 11.2HD\\SIT737-Task11.2HD-Desktop\\AuthService\\test\\apptest.js",
          "file": "\\test\\apptest.js",
          "beforeHooks": [],
          "afterHooks": [],
          "tests": [
            {
              "title": "Return status code 200 & User Created",
              "fullTitle": "Test Account Creation Return status code 200 & User Created",
              "timedOut": false,
              "duration": 609,
              "state": "passed",
              "speed": "slow",
              "pass": true,
              "fail": false,
              "pending": false,
              "context": null,
              "code": "const response = await axios.post(url, null, {\n    params: {\n        username,\n        password,\n    },\n});\n//console.log(response);\nexpect(response.status).to.equal(200);\nexpect(response.data).to.equal(\"User Created\");",
              "err": {},
              "uuid": "cc7206fd-e898-4fa1-bccf-e3075791b3b6",
              "parentUUID": "720233b4-b650-4e3a-a60e-ab197aa106f1",
              "isHook": false,
              "skipped": false
            }
          ],
          "suites": [],
          "passes": [
            "cc7206fd-e898-4fa1-bccf-e3075791b3b6"
          ],
          "failures": [],
          "pending": [],
          "skipped": [],
          "duration": 609,
          "root": false,
          "rootEmpty": false,
          "_timeout": 4000
        },
        {
          "uuid": "04bf3838-153b-4379-912c-bcf78a2c70eb",
          "title": "Test login",
          "fullFile": "C:\\Users\\phili\\OneDrive - Deakin University\\2023 TRI-1\\SIT737 - Cloud\\Tasks\\Task 11.2HD\\SIT737-Task11.2HD-Desktop\\AuthService\\test\\apptest.js",
          "file": "\\test\\apptest.js",
          "beforeHooks": [],
          "afterHooks": [],
          "tests": [
            {
              "title": "Return status code 200 & JWT",
              "fullTitle": "Test login Return status code 200 & JWT",
              "timedOut": false,
              "duration": 76,
              "state": "passed",
              "speed": "slow",
              "pass": true,
              "fail": false,
              "pending": false,
              "context": null,
              "code": "const response = await axios.post(url, null, {\n    params: {\n        username,\n        password,\n    },\n});\nexpect(response.status).to.equal(200);\nexpect(response.data).to.have.property(\"token\");",
              "err": {},
              "uuid": "2e53c050-ca02-4f2c-9e1e-0f99c8bae7a5",
              "parentUUID": "04bf3838-153b-4379-912c-bcf78a2c70eb",
              "isHook": false,
              "skipped": false
            }
          ],
          "suites": [],
          "passes": [
            "2e53c050-ca02-4f2c-9e1e-0f99c8bae7a5"
          ],
          "failures": [],
          "pending": [],
          "skipped": [],
          "duration": 76,
          "root": false,
          "rootEmpty": false,
          "_timeout": 4000
        },
        {
          "uuid": "c93f2df5-f4ff-4c37-9b67-c4bd8aca6635",
          "title": "Test Delete account",
          "fullFile": "C:\\Users\\phili\\OneDrive - Deakin University\\2023 TRI-1\\SIT737 - Cloud\\Tasks\\Task 11.2HD\\SIT737-Task11.2HD-Desktop\\AuthService\\test\\apptest.js",
          "file": "\\test\\apptest.js",
          "beforeHooks": [],
          "afterHooks": [],
          "tests": [
            {
              "title": "Return status code 200 & Account Deleted",
              "fullTitle": "Test Delete account Return status code 200 & Account Deleted",
              "timedOut": false,
              "duration": 29,
              "state": "passed",
              "speed": "fast",
              "pass": true,
              "fail": false,
              "pending": false,
              "context": null,
              "code": "const response = await axios.post(url, null, {\n    params: {\n        username,\n    },\n});\nexpect(response.status).to.equal(200);\nexpect(response.data).include(\"testuserAccount1 Deleted\");",
              "err": {},
              "uuid": "d2045618-311e-4da7-9077-fd3c34573ce8",
              "parentUUID": "c93f2df5-f4ff-4c37-9b67-c4bd8aca6635",
              "isHook": false,
              "skipped": false
            }
          ],
          "suites": [],
          "passes": [
            "d2045618-311e-4da7-9077-fd3c34573ce8"
          ],
          "failures": [],
          "pending": [],
          "skipped": [],
          "duration": 29,
          "root": false,
          "rootEmpty": false,
          "_timeout": 4000
        }
      ],
      "passes": [],
      "failures": [],
      "pending": [],
      "skipped": [],
      "duration": 0,
      "root": true,
      "rootEmpty": true,
      "_timeout": 4000
    }
  ],
  "meta": {
    "mocha": {
      "version": "10.2.0"
    },
    "mochawesome": {
      "options": {
        "quiet": false,
        "reportFilename": "mochawesome",
        "saveHtml": true,
        "saveJson": true,
        "consoleReporter": "spec",
        "useInlineDiffs": false,
        "code": true
      },
      "version": "7.1.3"
    },
    "marge": {
      "options": null,
      "version": "6.2.0"
    }
  }
}