{
  "stats": {
    "suites": 3,
    "tests": 3,
    "passes": 3,
    "pending": 0,
    "failures": 0,
    "start": "2023-06-02T07:42:54.111Z",
    "end": "2023-06-02T07:42:54.840Z",
    "duration": 729,
    "testsRegistered": 3,
    "passPercent": 100,
    "pendingPercent": 0,
    "other": 0,
    "hasOther": false,
    "skipped": 0,
    "hasSkipped": false
  },
  "results": [
    {
      "uuid": "d207ce4a-0fa0-4e11-a1b6-fd107870b445",
      "title": "",
      "fullFile": "",
      "file": "",
      "beforeHooks": [],
      "afterHooks": [
        {
          "title": "\"after all\" hook in \"{root}\"",
          "fullTitle": "\"after all\" hook in \"{root}\"",
          "timedOut": false,
          "duration": 0,
          "state": null,
          "speed": null,
          "pass": false,
          "fail": false,
          "pending": false,
          "context": null,
          "code": "server.close(function () {\n    console.log(\"Server stopped\");\n    done();\n});",
          "err": {},
          "uuid": "27b81763-da2b-434c-b6c0-cd98301b4866",
          "parentUUID": "d207ce4a-0fa0-4e11-a1b6-fd107870b445",
          "isHook": true,
          "skipped": false
        }
      ],
      "tests": [],
      "suites": [
        {
          "uuid": "3a021971-32ae-4c01-a8a1-02aea4aaec45",
          "title": "Test Account Creation",
          "fullFile": "C:\\Users\\phili\\OneDrive - Deakin University\\2023 TRI-1\\SIT737 - Cloud\\Tasks\\Task 11.2HD\\SIT737-Task11.2HD-Desktop\\AuthService\\test\\apptest.js",
          "file": "\\test\\apptest.js",
          "beforeHooks": [],
          "afterHooks": [],
          "tests": [
            {
              "title": "Return status code 200 & User Created",
              "fullTitle": "Test Account Creation Return status code 200 & User Created",
              "timedOut": false,
              "duration": 615,
              "state": "passed",
              "speed": "slow",
              "pass": true,
              "fail": false,
              "pending": false,
              "context": null,
              "code": "const response = await axios.post(url, null, {\n    params: {\n        username,\n        password,\n    },\n});\n//console.log(response);\nexpect(response.status).to.equal(200);\nexpect(response.data).to.equal(\"testuserAccount1 User Created\");",
              "err": {},
              "uuid": "2f967265-7d39-40d6-b854-b61fa03d7647",
              "parentUUID": "3a021971-32ae-4c01-a8a1-02aea4aaec45",
              "isHook": false,
              "skipped": false
            }
          ],
          "suites": [],
          "passes": [
            "2f967265-7d39-40d6-b854-b61fa03d7647"
          ],
          "failures": [],
          "pending": [],
          "skipped": [],
          "duration": 615,
          "root": false,
          "rootEmpty": false,
          "_timeout": 4000
        },
        {
          "uuid": "06157e36-3a86-4dbc-966a-d4e4d84e3b78",
          "title": "Test login",
          "fullFile": "C:\\Users\\phili\\OneDrive - Deakin University\\2023 TRI-1\\SIT737 - Cloud\\Tasks\\Task 11.2HD\\SIT737-Task11.2HD-Desktop\\AuthService\\test\\apptest.js",
          "file": "\\test\\apptest.js",
          "beforeHooks": [],
          "afterHooks": [],
          "tests": [
            {
              "title": "Return status code 200 & JWT",
              "fullTitle": "Test login Return status code 200 & JWT",
              "timedOut": false,
              "duration": 79,
              "state": "passed",
              "speed": "slow",
              "pass": true,
              "fail": false,
              "pending": false,
              "context": null,
              "code": "const response = await axios.post(url, null, {\n    params: {\n        username,\n        password,\n    },\n});\nexpect(response.status).to.equal(200);\nexpect(response.data).to.have.property(\"token\");",
              "err": {},
              "uuid": "d6bf5c41-0abe-41c3-a8de-fafdf1f55249",
              "parentUUID": "06157e36-3a86-4dbc-966a-d4e4d84e3b78",
              "isHook": false,
              "skipped": false
            }
          ],
          "suites": [],
          "passes": [
            "d6bf5c41-0abe-41c3-a8de-fafdf1f55249"
          ],
          "failures": [],
          "pending": [],
          "skipped": [],
          "duration": 79,
          "root": false,
          "rootEmpty": false,
          "_timeout": 4000
        },
        {
          "uuid": "39e2e7fb-9738-466f-8a0f-559c923a25b1",
          "title": "Test Delete account",
          "fullFile": "C:\\Users\\phili\\OneDrive - Deakin University\\2023 TRI-1\\SIT737 - Cloud\\Tasks\\Task 11.2HD\\SIT737-Task11.2HD-Desktop\\AuthService\\test\\apptest.js",
          "file": "\\test\\apptest.js",
          "beforeHooks": [],
          "afterHooks": [],
          "tests": [
            {
              "title": "Return status code 200 & Account Deleted",
              "fullTitle": "Test Delete account Return status code 200 & Account Deleted",
              "timedOut": false,
              "duration": 27,
              "state": "passed",
              "speed": "fast",
              "pass": true,
              "fail": false,
              "pending": false,
              "context": null,
              "code": "const response = await axios.post(url, null, {\n    params: {\n        username,\n    },\n});\nexpect(response.status).to.equal(200);\nexpect(response.data).include(\"testuserAccount1 Deleted\");",
              "err": {},
              "uuid": "43c43c54-7289-4a07-acee-ce6ad3993c59",
              "parentUUID": "39e2e7fb-9738-466f-8a0f-559c923a25b1",
              "isHook": false,
              "skipped": false
            }
          ],
          "suites": [],
          "passes": [
            "43c43c54-7289-4a07-acee-ce6ad3993c59"
          ],
          "failures": [],
          "pending": [],
          "skipped": [],
          "duration": 27,
          "root": false,
          "rootEmpty": false,
          "_timeout": 4000
        }
      ],
      "passes": [],
      "failures": [],
      "pending": [],
      "skipped": [],
      "duration": 0,
      "root": true,
      "rootEmpty": true,
      "_timeout": 4000
    }
  ],
  "meta": {
    "mocha": {
      "version": "10.2.0"
    },
    "mochawesome": {
      "options": {
        "quiet": false,
        "reportFilename": "mochawesome",
        "saveHtml": true,
        "saveJson": true,
        "consoleReporter": "spec",
        "useInlineDiffs": false,
        "code": true
      },
      "version": "7.1.3"
    },
    "marge": {
      "options": null,
      "version": "6.2.0"
    }
  }
}