{
  "stats": {
    "suites": 3,
    "tests": 3,
    "passes": 3,
    "pending": 0,
    "failures": 0,
    "start": "2023-06-02T10:16:52.370Z",
    "end": "2023-06-02T10:16:53.001Z",
    "duration": 631,
    "testsRegistered": 3,
    "passPercent": 100,
    "pendingPercent": 0,
    "other": 0,
    "hasOther": false,
    "skipped": 0,
    "hasSkipped": false
  },
  "results": [
    {
      "uuid": "d2bd2d63-128b-4cb3-8bd9-00f48b491711",
      "title": "",
      "fullFile": "",
      "file": "",
      "beforeHooks": [],
      "afterHooks": [
        {
          "title": "\"after all\" hook in \"{root}\"",
          "fullTitle": "\"after all\" hook in \"{root}\"",
          "timedOut": false,
          "duration": 1,
          "state": null,
          "speed": null,
          "pass": false,
          "fail": false,
          "pending": false,
          "context": null,
          "code": "server.close(function () {\n    console.log(\"Server stopped\");\n    done();\n});",
          "err": {},
          "uuid": "44f01c54-e906-4510-9622-1db4aa83ac2d",
          "parentUUID": "d2bd2d63-128b-4cb3-8bd9-00f48b491711",
          "isHook": true,
          "skipped": false
        }
      ],
      "tests": [],
      "suites": [
        {
          "uuid": "8b07a617-1b54-449c-a869-63d6263a9fb2",
          "title": "Test Account Creation",
          "fullFile": "C:\\Users\\phili\\OneDrive - Deakin University\\2023 TRI-1\\SIT737 - Cloud\\Tasks\\Task 11.2HD\\SIT737-Task11.2HD-Desktop\\AuthService\\test\\apptest.js",
          "file": "\\test\\apptest.js",
          "beforeHooks": [],
          "afterHooks": [],
          "tests": [
            {
              "title": "Return status code 200 & User Created",
              "fullTitle": "Test Account Creation Return status code 200 & User Created",
              "timedOut": false,
              "duration": 516,
              "state": "passed",
              "speed": "slow",
              "pass": true,
              "fail": false,
              "pending": false,
              "context": null,
              "code": "const response = await axios.post(url, null, {\n    params: {\n        username,\n        password,\n    },\n});\n//console.log(response);\nexpect(response.status).to.equal(200);\nexpect(response.data).to.equal(\"testuserAccount1 User Created\");",
              "err": {},
              "uuid": "297d44ff-9f35-467a-a305-384523eadd59",
              "parentUUID": "8b07a617-1b54-449c-a869-63d6263a9fb2",
              "isHook": false,
              "skipped": false
            }
          ],
          "suites": [],
          "passes": [
            "297d44ff-9f35-467a-a305-384523eadd59"
          ],
          "failures": [],
          "pending": [],
          "skipped": [],
          "duration": 516,
          "root": false,
          "rootEmpty": false,
          "_timeout": 4000
        },
        {
          "uuid": "51a24618-f8f4-4674-b029-360177636c6d",
          "title": "Test login",
          "fullFile": "C:\\Users\\phili\\OneDrive - Deakin University\\2023 TRI-1\\SIT737 - Cloud\\Tasks\\Task 11.2HD\\SIT737-Task11.2HD-Desktop\\AuthService\\test\\apptest.js",
          "file": "\\test\\apptest.js",
          "beforeHooks": [],
          "afterHooks": [],
          "tests": [
            {
              "title": "Return status code 200 & JWT",
              "fullTitle": "Test login Return status code 200 & JWT",
              "timedOut": false,
              "duration": 78,
              "state": "passed",
              "speed": "slow",
              "pass": true,
              "fail": false,
              "pending": false,
              "context": null,
              "code": "const response = await axios.post(url, null, {\n    params: {\n        username,\n        password,\n    },\n});\nexpect(response.status).to.equal(200);\nexpect(response.data).to.have.property(\"token\");",
              "err": {},
              "uuid": "0e9a89a3-e915-4e01-841a-239e8e0440e0",
              "parentUUID": "51a24618-f8f4-4674-b029-360177636c6d",
              "isHook": false,
              "skipped": false
            }
          ],
          "suites": [],
          "passes": [
            "0e9a89a3-e915-4e01-841a-239e8e0440e0"
          ],
          "failures": [],
          "pending": [],
          "skipped": [],
          "duration": 78,
          "root": false,
          "rootEmpty": false,
          "_timeout": 4000
        },
        {
          "uuid": "89b8c2b6-53b9-4a06-ae64-734fc03b4fb2",
          "title": "Test Delete account",
          "fullFile": "C:\\Users\\phili\\OneDrive - Deakin University\\2023 TRI-1\\SIT737 - Cloud\\Tasks\\Task 11.2HD\\SIT737-Task11.2HD-Desktop\\AuthService\\test\\apptest.js",
          "file": "\\test\\apptest.js",
          "beforeHooks": [],
          "afterHooks": [],
          "tests": [
            {
              "title": "Return status code 200 & Account Deleted",
              "fullTitle": "Test Delete account Return status code 200 & Account Deleted",
              "timedOut": false,
              "duration": 28,
              "state": "passed",
              "speed": "fast",
              "pass": true,
              "fail": false,
              "pending": false,
              "context": null,
              "code": "const response = await axios.post(url, null, {\n    params: {\n        username,\n    },\n});\nexpect(response.status).to.equal(200);\nexpect(response.data).include(\"testuserAccount1 Deleted\");",
              "err": {},
              "uuid": "89bcc7c5-02f4-40ee-9379-7272cb5c1f79",
              "parentUUID": "89b8c2b6-53b9-4a06-ae64-734fc03b4fb2",
              "isHook": false,
              "skipped": false
            }
          ],
          "suites": [],
          "passes": [
            "89bcc7c5-02f4-40ee-9379-7272cb5c1f79"
          ],
          "failures": [],
          "pending": [],
          "skipped": [],
          "duration": 28,
          "root": false,
          "rootEmpty": false,
          "_timeout": 4000
        }
      ],
      "passes": [],
      "failures": [],
      "pending": [],
      "skipped": [],
      "duration": 0,
      "root": true,
      "rootEmpty": true,
      "_timeout": 4000
    }
  ],
  "meta": {
    "mocha": {
      "version": "10.2.0"
    },
    "mochawesome": {
      "options": {
        "quiet": false,
        "reportFilename": "mochawesome",
        "saveHtml": true,
        "saveJson": true,
        "consoleReporter": "spec",
        "useInlineDiffs": false,
        "code": true
      },
      "version": "7.1.3"
    },
    "marge": {
      "options": null,
      "version": "6.2.0"
    }
  }
}