{
  "stats": {
    "suites": 3,
    "tests": 6,
    "passes": 6,
    "pending": 0,
    "failures": 0,
    "start": "2023-06-02T05:14:37.009Z",
    "end": "2023-06-02T05:14:37.637Z",
    "duration": 628,
    "testsRegistered": 6,
    "passPercent": 100,
    "pendingPercent": 0,
    "other": 0,
    "hasOther": false,
    "skipped": 0,
    "hasSkipped": false
  },
  "results": [
    {
      "uuid": "6c8cd2c2-895c-4006-91db-2df20e7f728d",
      "title": "",
      "fullFile": "",
      "file": "",
      "beforeHooks": [],
      "afterHooks": [
        {
          "title": "\"after all\" hook in \"{root}\"",
          "fullTitle": "\"after all\" hook in \"{root}\"",
          "timedOut": false,
          "duration": 1,
          "state": null,
          "speed": null,
          "pass": false,
          "fail": false,
          "pending": false,
          "context": null,
          "code": "server.close(function () {\n    console.log(\"Server stopped\");\n    done();\n});",
          "err": {},
          "uuid": "0852ee99-b42d-404a-b2db-dbc9df5a560e",
          "parentUUID": "6c8cd2c2-895c-4006-91db-2df20e7f728d",
          "isHook": true,
          "skipped": false
        }
      ],
      "tests": [],
      "suites": [
        {
          "uuid": "a8fb9960-eda4-4f96-8c5a-f0d00738f635",
          "title": "Test Item Creation",
          "fullFile": "C:\\Users\\phili\\OneDrive - Deakin University\\2023 TRI-1\\SIT737 - Cloud\\Tasks\\Task 11.2HD\\SIT737-Task11.2HD-Desktop\\DataService\\test\\apptest.js",
          "file": "\\test\\apptest.js",
          "beforeHooks": [],
          "afterHooks": [],
          "tests": [
            {
              "title": "No JWT expect 401",
              "fullTitle": "Test Item Creation No JWT expect 401",
              "timedOut": false,
              "duration": 32,
              "state": "passed",
              "speed": "fast",
              "pass": true,
              "fail": false,
              "pending": false,
              "context": null,
              "code": "try {\n    const response = await axios.post(url, requestBody);\n} catch (error) {\n    expect(error.response.status).to.equal(401);\n}",
              "err": {},
              "uuid": "9f985823-2793-42b9-acbf-93b707ef96cf",
              "parentUUID": "a8fb9960-eda4-4f96-8c5a-f0d00738f635",
              "isHook": false,
              "skipped": false
            },
            {
              "title": "Return status code 200 & Item Created",
              "fullTitle": "Test Item Creation Return status code 200 & Item Created",
              "timedOut": false,
              "duration": 85,
              "state": "passed",
              "speed": "slow",
              "pass": true,
              "fail": false,
              "pending": false,
              "context": null,
              "code": "const response = await axios.post(url, requestBody, {\n    headers: {\n        Authorization: `Bearer ${JWT_TOKEN}`, // Include the JWT token in the request header\n    },\n});\nexpect(response.status).to.equal(200);\nexpect(response.data).to.equal(\"Item Created\");",
              "err": {},
              "uuid": "a484b0bf-fb53-4fe7-b5c1-736cb36219a6",
              "parentUUID": "a8fb9960-eda4-4f96-8c5a-f0d00738f635",
              "isHook": false,
              "skipped": false
            }
          ],
          "suites": [],
          "passes": [
            "9f985823-2793-42b9-acbf-93b707ef96cf",
            "a484b0bf-fb53-4fe7-b5c1-736cb36219a6"
          ],
          "failures": [],
          "pending": [],
          "skipped": [],
          "duration": 117,
          "root": false,
          "rootEmpty": false,
          "_timeout": 4000
        },
        {
          "uuid": "5f5a79a3-7681-4151-bde3-93573b18f8c6",
          "title": "Retrive Item",
          "fullFile": "C:\\Users\\phili\\OneDrive - Deakin University\\2023 TRI-1\\SIT737 - Cloud\\Tasks\\Task 11.2HD\\SIT737-Task11.2HD-Desktop\\DataService\\test\\apptest.js",
          "file": "\\test\\apptest.js",
          "beforeHooks": [],
          "afterHooks": [],
          "tests": [
            {
              "title": "No JWT expect 401",
              "fullTitle": "Retrive Item No JWT expect 401",
              "timedOut": false,
              "duration": 4,
              "state": "passed",
              "speed": "fast",
              "pass": true,
              "fail": false,
              "pending": false,
              "context": null,
              "code": "try {\n    const response = await axios.get(url, requestBody);\n} catch (error) {\n    expect(error.response.status).to.equal(401);\n}",
              "err": {},
              "uuid": "c6cbb405-bdf2-473d-86a5-88bdc55eafbe",
              "parentUUID": "5f5a79a3-7681-4151-bde3-93573b18f8c6",
              "isHook": false,
              "skipped": false
            },
            {
              "title": "Return status code 200 & Items",
              "fullTitle": "Retrive Item Return status code 200 & Items",
              "timedOut": false,
              "duration": 438,
              "state": "passed",
              "speed": "slow",
              "pass": true,
              "fail": false,
              "pending": false,
              "context": null,
              "code": "const response = await axios.get(url, {\n    headers: {\n        Authorization: `Bearer ${JWT_TOKEN}`, // Include the JWT token in the request header\n    },\n});\nitemID = querystring.stringify({ id: response.data[0]._id });\nexpect(response.status).to.equal(200);\nexpect(response.data[0]).to.have.property(\"DeviceName\");\nexpect(response.data[0]).to.have.property(\"DeviceType\");\nexpect(response.data[0]).to.have.property(\"Manufacturer\");",
              "err": {},
              "uuid": "8b98986b-3fb5-4124-93fe-3c96c0e72d7a",
              "parentUUID": "5f5a79a3-7681-4151-bde3-93573b18f8c6",
              "isHook": false,
              "skipped": false
            }
          ],
          "suites": [],
          "passes": [
            "c6cbb405-bdf2-473d-86a5-88bdc55eafbe",
            "8b98986b-3fb5-4124-93fe-3c96c0e72d7a"
          ],
          "failures": [],
          "pending": [],
          "skipped": [],
          "duration": 442,
          "root": false,
          "rootEmpty": false,
          "_timeout": 4000
        },
        {
          "uuid": "6c1836db-8c0d-460f-83db-377888507c30",
          "title": "Test Delete item",
          "fullFile": "C:\\Users\\phili\\OneDrive - Deakin University\\2023 TRI-1\\SIT737 - Cloud\\Tasks\\Task 11.2HD\\SIT737-Task11.2HD-Desktop\\DataService\\test\\apptest.js",
          "file": "\\test\\apptest.js",
          "beforeHooks": [],
          "afterHooks": [],
          "tests": [
            {
              "title": "No JWT expect 401",
              "fullTitle": "Test Delete item No JWT expect 401",
              "timedOut": false,
              "duration": 3,
              "state": "passed",
              "speed": "fast",
              "pass": true,
              "fail": false,
              "pending": false,
              "context": null,
              "code": "try {\n    const response = await axios.post(url, requestBody);\n} catch (error) {\n    expect(error.response.status).to.equal(401);\n}",
              "err": {},
              "uuid": "58c46092-8562-461d-b416-9075ffd1791b",
              "parentUUID": "6c1836db-8c0d-460f-83db-377888507c30",
              "isHook": false,
              "skipped": false
            },
            {
              "title": "Return status code 200 & Item Deleted",
              "fullTitle": "Test Delete item Return status code 200 & Item Deleted",
              "timedOut": false,
              "duration": 31,
              "state": "passed",
              "speed": "fast",
              "pass": true,
              "fail": false,
              "pending": false,
              "context": null,
              "code": "const response = await axios.post(url, itemID, {\n    headers: {\n        Authorization: `Bearer ${JWT_TOKEN}`, // Include the JWT token in the request header\n    },\n});\nexpect(response.status).to.equal(200);\nexpect(response.data).property(\"msg\").to.equal(\"Item Deleted\");",
              "err": {},
              "uuid": "8b343841-222f-42e5-aa55-f4fb81d354f1",
              "parentUUID": "6c1836db-8c0d-460f-83db-377888507c30",
              "isHook": false,
              "skipped": false
            }
          ],
          "suites": [],
          "passes": [
            "58c46092-8562-461d-b416-9075ffd1791b",
            "8b343841-222f-42e5-aa55-f4fb81d354f1"
          ],
          "failures": [],
          "pending": [],
          "skipped": [],
          "duration": 34,
          "root": false,
          "rootEmpty": false,
          "_timeout": 4000
        }
      ],
      "passes": [],
      "failures": [],
      "pending": [],
      "skipped": [],
      "duration": 0,
      "root": true,
      "rootEmpty": true,
      "_timeout": 4000
    }
  ],
  "meta": {
    "mocha": {
      "version": "10.2.0"
    },
    "mochawesome": {
      "options": {
        "quiet": false,
        "reportFilename": "mochawesome",
        "saveHtml": true,
        "saveJson": true,
        "consoleReporter": "spec",
        "useInlineDiffs": false,
        "code": true
      },
      "version": "7.1.3"
    },
    "marge": {
      "options": null,
      "version": "6.2.0"
    }
  }
}