{
  "stats": {
    "suites": 3,
    "tests": 6,
    "passes": 6,
    "pending": 0,
    "failures": 0,
    "start": "2023-06-02T07:40:59.733Z",
    "end": "2023-06-02T07:41:00.283Z",
    "duration": 550,
    "testsRegistered": 6,
    "passPercent": 100,
    "pendingPercent": 0,
    "other": 0,
    "hasOther": false,
    "skipped": 0,
    "hasSkipped": false
  },
  "results": [
    {
      "uuid": "d5534457-8325-482d-b6fa-19fdd88e8f66",
      "title": "",
      "fullFile": "",
      "file": "",
      "beforeHooks": [],
      "afterHooks": [
        {
          "title": "\"after all\" hook in \"{root}\"",
          "fullTitle": "\"after all\" hook in \"{root}\"",
          "timedOut": false,
          "duration": 1,
          "state": null,
          "speed": null,
          "pass": false,
          "fail": false,
          "pending": false,
          "context": null,
          "code": "server.close(function () {\n    console.log(\"Server stopped\");\n    done();\n});",
          "err": {},
          "uuid": "d9ec4445-1010-4485-b9ff-cc770e3e5fff",
          "parentUUID": "d5534457-8325-482d-b6fa-19fdd88e8f66",
          "isHook": true,
          "skipped": false
        }
      ],
      "tests": [],
      "suites": [
        {
          "uuid": "e0dd19dd-ffa5-4085-9255-849152891b26",
          "title": "Test Item Creation",
          "fullFile": "C:\\Users\\phili\\OneDrive - Deakin University\\2023 TRI-1\\SIT737 - Cloud\\Tasks\\Task 11.2HD\\SIT737-Task11.2HD-Desktop\\DataService\\test\\apptest.js",
          "file": "\\test\\apptest.js",
          "beforeHooks": [],
          "afterHooks": [],
          "tests": [
            {
              "title": "No JWT expect 401",
              "fullTitle": "Test Item Creation No JWT expect 401",
              "timedOut": false,
              "duration": 31,
              "state": "passed",
              "speed": "fast",
              "pass": true,
              "fail": false,
              "pending": false,
              "context": null,
              "code": "try {\n    const response = await axios.post(url, requestBody);\n} catch (error) {\n    expect(error.response.status).to.equal(401);\n}",
              "err": {},
              "uuid": "4a4f87fd-a93e-41b2-afc1-c4c801b96639",
              "parentUUID": "e0dd19dd-ffa5-4085-9255-849152891b26",
              "isHook": false,
              "skipped": false
            },
            {
              "title": "Return status code 200 & Item Created",
              "fullTitle": "Test Item Creation Return status code 200 & Item Created",
              "timedOut": false,
              "duration": 47,
              "state": "passed",
              "speed": "medium",
              "pass": true,
              "fail": false,
              "pending": false,
              "context": null,
              "code": "const response = await axios.post(url, requestBody, {\n    headers: {\n        Authorization: `Bearer ${JWT_TOKEN}`, // Include the JWT token in the request header\n    },\n});\nexpect(response.status).to.equal(200);\nexpect(response.data).to.equal(\"Item Created\");",
              "err": {},
              "uuid": "86c87852-7575-400c-9852-ae22788ee21a",
              "parentUUID": "e0dd19dd-ffa5-4085-9255-849152891b26",
              "isHook": false,
              "skipped": false
            }
          ],
          "suites": [],
          "passes": [
            "4a4f87fd-a93e-41b2-afc1-c4c801b96639",
            "86c87852-7575-400c-9852-ae22788ee21a"
          ],
          "failures": [],
          "pending": [],
          "skipped": [],
          "duration": 78,
          "root": false,
          "rootEmpty": false,
          "_timeout": 4000
        },
        {
          "uuid": "8d0a73bc-7424-433b-aa10-9b3177fb9913",
          "title": "Retrive Item",
          "fullFile": "C:\\Users\\phili\\OneDrive - Deakin University\\2023 TRI-1\\SIT737 - Cloud\\Tasks\\Task 11.2HD\\SIT737-Task11.2HD-Desktop\\DataService\\test\\apptest.js",
          "file": "\\test\\apptest.js",
          "beforeHooks": [],
          "afterHooks": [],
          "tests": [
            {
              "title": "No JWT expect 401",
              "fullTitle": "Retrive Item No JWT expect 401",
              "timedOut": false,
              "duration": 3,
              "state": "passed",
              "speed": "fast",
              "pass": true,
              "fail": false,
              "pending": false,
              "context": null,
              "code": "try {\n    const response = await axios.get(url, requestBody);\n} catch (error) {\n    expect(error.response.status).to.equal(401);\n}",
              "err": {},
              "uuid": "10120789-bd48-4940-8544-ead73e777350",
              "parentUUID": "8d0a73bc-7424-433b-aa10-9b3177fb9913",
              "isHook": false,
              "skipped": false
            },
            {
              "title": "Return status code 200 & Items",
              "fullTitle": "Retrive Item Return status code 200 & Items",
              "timedOut": false,
              "duration": 401,
              "state": "passed",
              "speed": "slow",
              "pass": true,
              "fail": false,
              "pending": false,
              "context": null,
              "code": "const response = await axios.get(url, {\n    headers: {\n        Authorization: `Bearer ${JWT_TOKEN}`, // Include the JWT token in the request header\n    },\n});\nitemID = querystring.stringify({ id: response.data[0]._id });\nexpect(response.status).to.equal(200);\nexpect(response.data[0]).to.have.property(\"DeviceName\");\nexpect(response.data[0]).to.have.property(\"DeviceType\");\nexpect(response.data[0]).to.have.property(\"Manufacturer\");",
              "err": {},
              "uuid": "4ea00b2f-40c0-48b9-a5a3-4debcc15af63",
              "parentUUID": "8d0a73bc-7424-433b-aa10-9b3177fb9913",
              "isHook": false,
              "skipped": false
            }
          ],
          "suites": [],
          "passes": [
            "10120789-bd48-4940-8544-ead73e777350",
            "4ea00b2f-40c0-48b9-a5a3-4debcc15af63"
          ],
          "failures": [],
          "pending": [],
          "skipped": [],
          "duration": 404,
          "root": false,
          "rootEmpty": false,
          "_timeout": 4000
        },
        {
          "uuid": "7846c5bd-3030-4897-8f5a-5ea2bb6cf442",
          "title": "Test Delete item",
          "fullFile": "C:\\Users\\phili\\OneDrive - Deakin University\\2023 TRI-1\\SIT737 - Cloud\\Tasks\\Task 11.2HD\\SIT737-Task11.2HD-Desktop\\DataService\\test\\apptest.js",
          "file": "\\test\\apptest.js",
          "beforeHooks": [],
          "afterHooks": [],
          "tests": [
            {
              "title": "No JWT expect 401",
              "fullTitle": "Test Delete item No JWT expect 401",
              "timedOut": false,
              "duration": 2,
              "state": "passed",
              "speed": "fast",
              "pass": true,
              "fail": false,
              "pending": false,
              "context": null,
              "code": "try {\n    const response = await axios.post(url, requestBody);\n} catch (error) {\n    expect(error.response.status).to.equal(401);\n}",
              "err": {},
              "uuid": "f7fa8d04-4a38-4410-aa85-f893b2285162",
              "parentUUID": "7846c5bd-3030-4897-8f5a-5ea2bb6cf442",
              "isHook": false,
              "skipped": false
            },
            {
              "title": "Return status code 200 & Item Deleted",
              "fullTitle": "Test Delete item Return status code 200 & Item Deleted",
              "timedOut": false,
              "duration": 30,
              "state": "passed",
              "speed": "fast",
              "pass": true,
              "fail": false,
              "pending": false,
              "context": null,
              "code": "const response = await axios.post(url, itemID, {\n    headers: {\n        Authorization: `Bearer ${JWT_TOKEN}`, // Include the JWT token in the request header\n    },\n});\nexpect(response.status).to.equal(200);\nexpect(response.data).property(\"msg\").to.equal(\"Item Deleted\");",
              "err": {},
              "uuid": "804fb3ef-cc2a-480c-bea0-789dfc774a74",
              "parentUUID": "7846c5bd-3030-4897-8f5a-5ea2bb6cf442",
              "isHook": false,
              "skipped": false
            }
          ],
          "suites": [],
          "passes": [
            "f7fa8d04-4a38-4410-aa85-f893b2285162",
            "804fb3ef-cc2a-480c-bea0-789dfc774a74"
          ],
          "failures": [],
          "pending": [],
          "skipped": [],
          "duration": 32,
          "root": false,
          "rootEmpty": false,
          "_timeout": 4000
        }
      ],
      "passes": [],
      "failures": [],
      "pending": [],
      "skipped": [],
      "duration": 0,
      "root": true,
      "rootEmpty": true,
      "_timeout": 4000
    }
  ],
  "meta": {
    "mocha": {
      "version": "10.2.0"
    },
    "mochawesome": {
      "options": {
        "quiet": false,
        "reportFilename": "mochawesome",
        "saveHtml": true,
        "saveJson": true,
        "consoleReporter": "spec",
        "useInlineDiffs": false,
        "code": true
      },
      "version": "7.1.3"
    },
    "marge": {
      "options": null,
      "version": "6.2.0"
    }
  }
}